nohup: ignoring input
[0;36m
╔══════════════════════════════════════════════════════╗
║      TukangDekat – GitHub Project Setup              ║
║      Timeline: 11 Mei – 18 Juni 2026                 ║
╚══════════════════════════════════════════════════════╝
[0m
[0;32m✓ GitHub CLI terdeteksi & sudah login[0m
[1;33m→ Target repo: radenelsa7-bot/PM_UAS_rekayasa_Sistem_Informasi[0m

[0;36m[1/4] Membuat labels...[0m
  [0;32m✓[0m Label: role: PM
  [0;32m✓[0m Label: role: Backend
  [0;32m✓[0m Label: role: Frontend
  [0;32m✓[0m Label: role: Testing
  [0;32m✓[0m Label: week-1 (11-17 Mei)
  [0;32m✓[0m Label: week-2 (18-24 Mei)
  [0;32m✓[0m Label: week-3 (25-31 Mei)
  [0;32m✓[0m Label: week-4 (1-7 Jun)
  [0;32m✓[0m Label: week-5 (8-14 Jun)
  [0;32m✓[0m Label: week-6 (15-18 Jun)
  [0;32m✓[0m Label: priority: high
  [0;32m✓[0m Label: priority: medium
  [0;32m✓[0m Label: priority: low
  [0;32m✓[0m Label: status: blocked
  [0;32m✓[0m Label: status: review
  [0;32m✓[0m Label: module: auth
  [0;32m✓[0m Label: module: order
  [0;32m✓[0m Label: module: payment
  [0;32m✓[0m Label: module: provider
  [0;32m✓[0m Label: module: notification
  [0;32m✓[0m Label: module: review
  [0;32m✓[0m Label: module: admin
  [0;32m✓[0m Label: module: UI/UX
  [0;32m✓[0m Label: documentation
  [0;32m✓[0m Label: testing

[0;36m[2/4] Membuat milestones (per minggu)...[0m
  [1;33m⚠[0m Milestone mungkin sudah ada: Week 1 – Setup & Perencanaan (11–17 Mei)
  [1;33m⚠[0m Milestone mungkin sudah ada: Week 2 – Auth & Fondasi API (18–24 Mei)
  [1;33m⚠[0m Milestone mungkin sudah ada: Week 3 – Core Feature Backend (25–31 Mei)
  [1;33m⚠[0m Milestone mungkin sudah ada: Week 4 – Payment & Notifikasi (1–7 Jun)
  [1;33m⚠[0m Milestone mungkin sudah ada: Week 5 – Frontend & Integrasi (8–14 Jun)
  [1;33m⚠[0m Milestone mungkin sudah ada: Week 6 – Testing & Finalisasi (15–18 Jun)

[0;36m[3/4] Membuat GitHub Project Board...[0m
